;  LST file generated by mikroListExporter - v.2.0 
; Date/Time: 3/9/2026 1:17:02 AM
;----------------------------------------------

;Address Opcode 	ASM
0x0000	0x2803      	GOTO       3
_main:
;Task_1.c,1 :: 		void main() {
;Task_1.c,2 :: 		TRISC &= ~(1 << 0);
0x0003	0x1683      	BSF        STATUS, 5
0x0004	0x1303      	BCF        STATUS, 6
0x0005	0x1007      	BCF        TRISC, 0
;Task_1.c,3 :: 		TRISC &= ~(1 << 1);
0x0006	0x1087      	BCF        TRISC, 1
;Task_1.c,5 :: 		TRISB |= (1 << 0);
0x0007	0x1406      	BSF        TRISB, 0
;Task_1.c,6 :: 		TRISB |= (1 << 1);
0x0008	0x1486      	BSF        TRISB, 1
;Task_1.c,8 :: 		PORTC &= ~((1 << 0) | (1 << 1));
0x0009	0x30FC      	MOVLW      252
0x000A	0x1283      	BCF        STATUS, 5
0x000B	0x0587      	ANDWF      PORTC, 1
;Task_1.c,10 :: 		while(1) {
L_main0:
;Task_1.c,11 :: 		if ((PORTB >> 0) & 1) {
0x000C	0x0806      	MOVF       PORTB, 0
0x000D	0x00F1      	MOVWF      R1
0x000E	0x1C71      	BTFSS      R1, 0
0x000F	0x282D      	GOTO       L_main2
;Task_1.c,12 :: 		PORTC |= ((1 << 0) | (1 << 1));
0x0010	0x3003      	MOVLW      3
0x0011	0x0487      	IORWF      PORTC, 1
;Task_1.c,13 :: 		Delay_ms(200);
0x0012	0x3003      	MOVLW      3
0x0013	0x00FB      	MOVWF      R11
0x0014	0x3008      	MOVLW      8
0x0015	0x00FC      	MOVWF      R12
0x0016	0x3077      	MOVLW      119
0x0017	0x00FD      	MOVWF      R13
L_main3:
0x0018	0x0BFD      	DECFSZ     R13, 1
0x0019	0x2818      	GOTO       L_main3
0x001A	0x0BFC      	DECFSZ     R12, 1
0x001B	0x2818      	GOTO       L_main3
0x001C	0x0BFB      	DECFSZ     R11, 1
0x001D	0x2818      	GOTO       L_main3
;Task_1.c,14 :: 		PORTC &= ~((1 << 0) | (1 << 1));
0x001E	0x30FC      	MOVLW      252
0x001F	0x0587      	ANDWF      PORTC, 1
;Task_1.c,15 :: 		Delay_ms(200);
0x0020	0x3003      	MOVLW      3
0x0021	0x00FB      	MOVWF      R11
0x0022	0x3008      	MOVLW      8
0x0023	0x00FC      	MOVWF      R12
0x0024	0x3077      	MOVLW      119
0x0025	0x00FD      	MOVWF      R13
L_main4:
0x0026	0x0BFD      	DECFSZ     R13, 1
0x0027	0x2826      	GOTO       L_main4
0x0028	0x0BFC      	DECFSZ     R12, 1
0x0029	0x2826      	GOTO       L_main4
0x002A	0x0BFB      	DECFSZ     R11, 1
0x002B	0x2826      	GOTO       L_main4
;Task_1.c,16 :: 		}
0x002C	0x2856      	GOTO       L_main5
L_main2:
;Task_1.c,17 :: 		else if ((PORTB >> 1) & 1) {
0x002D	0x0806      	MOVF       PORTB, 0
0x002E	0x00F1      	MOVWF      R1
0x002F	0x0CF1      	RRF        R1, 1
0x0030	0x13F1      	BCF        R1, 7
0x0031	0x1C71      	BTFSS      R1, 0
0x0032	0x2854      	GOTO       L_main6
;Task_1.c,18 :: 		PORTC |= ((1 << 0) | (1 << 1));
0x0033	0x3003      	MOVLW      3
0x0034	0x0487      	IORWF      PORTC, 1
;Task_1.c,19 :: 		Delay_ms(500);
0x0035	0x3006      	MOVLW      6
0x0036	0x00FB      	MOVWF      R11
0x0037	0x3013      	MOVLW      19
0x0038	0x00FC      	MOVWF      R12
0x0039	0x30AD      	MOVLW      173
0x003A	0x00FD      	MOVWF      R13
L_main7:
0x003B	0x0BFD      	DECFSZ     R13, 1
0x003C	0x283B      	GOTO       L_main7
0x003D	0x0BFC      	DECFSZ     R12, 1
0x003E	0x283B      	GOTO       L_main7
0x003F	0x0BFB      	DECFSZ     R11, 1
0x0040	0x283B      	GOTO       L_main7
0x0041	0x0000      	NOP
0x0042	0x0000      	NOP
;Task_1.c,20 :: 		PORTC &= ~((1 << 0) | (1 << 1));
0x0043	0x30FC      	MOVLW      252
0x0044	0x0587      	ANDWF      PORTC, 1
;Task_1.c,21 :: 		Delay_ms(500);
0x0045	0x3006      	MOVLW      6
0x0046	0x00FB      	MOVWF      R11
0x0047	0x3013      	MOVLW      19
0x0048	0x00FC      	MOVWF      R12
0x0049	0x30AD      	MOVLW      173
0x004A	0x00FD      	MOVWF      R13
L_main8:
0x004B	0x0BFD      	DECFSZ     R13, 1
0x004C	0x284B      	GOTO       L_main8
0x004D	0x0BFC      	DECFSZ     R12, 1
0x004E	0x284B      	GOTO       L_main8
0x004F	0x0BFB      	DECFSZ     R11, 1
0x0050	0x284B      	GOTO       L_main8
0x0051	0x0000      	NOP
0x0052	0x0000      	NOP
;Task_1.c,22 :: 		}
0x0053	0x2856      	GOTO       L_main9
L_main6:
;Task_1.c,24 :: 		PORTC &= ~((1 << 0) | (1 << 1));
0x0054	0x30FC      	MOVLW      252
0x0055	0x0587      	ANDWF      PORTC, 1
;Task_1.c,25 :: 		}
L_main9:
L_main5:
;Task_1.c,26 :: 		}
0x0056	0x280C      	GOTO       L_main0
;Task_1.c,27 :: 		}
L_end_main:
0x0057	0x2857      	GOTO       $+0
; end of _main
Symbol List:
//** Routines locations **
//ADDRESS    SIZE    PROCEDURE
//----------------------------------------------
0x0003      [85]    _main
//** Variables locations ** 
//ADDRESS    SIZE    VARIABLE
//----------------------------------------------
0x0000       [1]    INDF
0x0003       [1]    STATUS
0x0004       [1]    FSR
0x0006       [1]    PORTB
0x0007       [1]    PORTC
0x000A       [1]    PCLATH
0x0020       [2]    ___DoICPAddr
0x0070       [1]    R0
0x0071       [1]    R1
0x0072       [1]    R2
0x0073       [1]    R3
0x0074       [1]    R4
0x0075       [1]    R5
0x0076       [1]    R6
0x0077       [1]    R7
0x0078       [1]    R8
0x0079       [1]    R9
0x007A       [1]    R10
0x007B       [1]    R11
0x007C       [1]    R12
0x007D       [1]    R13
0x007E       [1]    R14
0x007F       [1]    R15
0x0086       [1]    TRISB
0x0087       [1]    TRISC
