;  LST file generated by mikroListExporter - v.2.0 
; Date/Time: 3/9/2026 1:32:58 AM
;----------------------------------------------

;Address Opcode 	ASM
0x0000	0x2970      	GOTO       368
_interrupt:
0x0004	0x00FF      	MOVWF      R15
0x0005	0x0E03      	SWAPF      STATUS, 0
0x0006	0x0183      	CLRF       STATUS
0x0007	0x00A7      	MOVWF      ___saveSTATUS
0x0008	0x080A      	MOVF       PCLATH, 0
0x0009	0x00A8      	MOVWF      ___savePCLATH
0x000A	0x018A      	CLRF       PCLATH
0x000B	0x0870      	MOVF       R0, 0
0x000C	0x00A1      	MOVWF      33
0x000D	0x0871      	MOVF       R1, 0
0x000E	0x00A0      	MOVWF      32
;ext_int_implementation.c,29 :: 		void interrupt(void) {
;ext_int_implementation.c,30 :: 		if(INTCON & 0x02) {
0x000F	0x1C8B      	BTFSS      INTCON, 1
0x0010	0x2832      	GOTO       L_interrupt2
;ext_int_implementation.c,31 :: 		if(ext_int_callback != 0) {
0x0011	0x0822      	MOVF       ext_int_implementation_ext_int_callback, 0
0x0012	0x00F1      	MOVWF      R1
0x0013	0x0823      	MOVF       ext_int_implementation_ext_int_callback+1, 0
0x0014	0x00F2      	MOVWF      R1+1
0x0015	0x0824      	MOVF       ext_int_implementation_ext_int_callback+2, 0
0x0016	0x00F3      	MOVWF      R1+2
0x0017	0x0825      	MOVF       ext_int_implementation_ext_int_callback+3, 0
0x0018	0x00F4      	MOVWF      R1+3
0x0019	0x3000      	MOVLW      0
0x001A	0x00F0      	MOVWF      R0
0x001B	0x0674      	XORWF      R1+3, 0
0x001C	0x1D03      	BTFSS      STATUS, 2
0x001D	0x2828      	GOTO       L__interrupt10
0x001E	0x0870      	MOVF       R0, 0
0x001F	0x0673      	XORWF      R1+2, 0
0x0020	0x1D03      	BTFSS      STATUS, 2
0x0021	0x2828      	GOTO       L__interrupt10
0x0022	0x0870      	MOVF       R0, 0
0x0023	0x0672      	XORWF      R1+1, 0
0x0024	0x1D03      	BTFSS      STATUS, 2
0x0025	0x2828      	GOTO       L__interrupt10
0x0026	0x0871      	MOVF       R1, 0
0x0027	0x3A00      	XORLW      0
L__interrupt10:
0x0028	0x1903      	BTFSC      STATUS, 2
0x0029	0x2831      	GOTO       L_interrupt3
;ext_int_implementation.c,32 :: 		ext_int_callback();
0x002A	0x0822      	MOVF       ext_int_implementation_ext_int_callback, 0
0x002B	0x00A5      	MOVWF      ___DoICPAddr
0x002C	0x0823      	MOVF       ext_int_implementation_ext_int_callback+1, 0
0x002D	0x00A6      	MOVWF      ___DoICPAddr+1
0x002E	0x214E      	CALL       _____DoIFC
0x002F	0x118A      	BCF        PCLATH, 3
0x0030	0x120A      	BCF        PCLATH, 4
;ext_int_implementation.c,33 :: 		}
L_interrupt3:
;ext_int_implementation.c,34 :: 		INTCON &= ~0x02;
0x0031	0x108B      	BCF        INTCON, 1
;ext_int_implementation.c,35 :: 		}
L_interrupt2:
;ext_int_implementation.c,36 :: 		}
L_end_interrupt:
L__interrupt9:
0x0032	0x1283      	BCF        STATUS, 5
0x0033	0x1303      	BCF        STATUS, 6
0x0034	0x0821      	MOVF       33, 0
0x0035	0x00F0      	MOVWF      R0
0x0036	0x0820      	MOVF       32, 0
0x0037	0x00F1      	MOVWF      R1
0x0038	0x0828      	MOVF       ___savePCLATH, 0
0x0039	0x008A      	MOVWF      PCLATH
0x003A	0x0E27      	SWAPF      ___saveSTATUS, 0
0x003B	0x0083      	MOVWF      STATUS
0x003C	0x0EFF      	SWAPF      R15, 1
0x003D	0x0E7F      	SWAPF      R15, 0
0x003E	0x0009      	RETFIE
; end of _interrupt
_set_pin_direction:
;gpio_implementation.c,7 :: 		void set_pin_direction(u8 port, u8 pin, u8 direction) {
;gpio_implementation.c,8 :: 		switch(port) {
0x003F	0x290E      	GOTO       L_set_pin_direction0
;gpio_implementation.c,9 :: 		case _PORTA:
L_set_pin_direction2:
;gpio_implementation.c,10 :: 		if(direction == OUTPUT) {
0x0040	0x1283      	BCF        STATUS, 5
0x0041	0x1303      	BCF        STATUS, 6
0x0042	0x082E      	MOVF       FARG_set_pin_direction_direction, 0
0x0043	0x3A00      	XORLW      0
0x0044	0x1D03      	BTFSS      STATUS, 2
0x0045	0x2856      	GOTO       L_set_pin_direction3
;gpio_implementation.c,11 :: 		CLR_BIT(TRISA, pin);  /* Clear bit for output */
0x0046	0x082D      	MOVF       FARG_set_pin_direction_pin, 0
0x0047	0x00F1      	MOVWF      R1
0x0048	0x3001      	MOVLW      1
0x0049	0x00F0      	MOVWF      R0
0x004A	0x0871      	MOVF       R1, 0
L__set_pin_direction48:
0x004B	0x1903      	BTFSC      STATUS, 2
0x004C	0x2851      	GOTO       L__set_pin_direction49
0x004D	0x0DF0      	RLF        R0, 1
0x004E	0x1070      	BCF        R0, 0
0x004F	0x3EFF      	ADDLW      255
0x0050	0x284B      	GOTO       L__set_pin_direction48
L__set_pin_direction49:
0x0051	0x09F0      	COMF       R0, 1
0x0052	0x0870      	MOVF       R0, 0
0x0053	0x1683      	BSF        STATUS, 5
0x0054	0x0585      	ANDWF      TRISA, 1
;gpio_implementation.c,12 :: 		} else if (direction == INPUT) {
0x0055	0x2869      	GOTO       L_set_pin_direction4
L_set_pin_direction3:
0x0056	0x1283      	BCF        STATUS, 5
0x0057	0x082E      	MOVF       FARG_set_pin_direction_direction, 0
0x0058	0x3A01      	XORLW      1
0x0059	0x1D03      	BTFSS      STATUS, 2
0x005A	0x2869      	GOTO       L_set_pin_direction5
;gpio_implementation.c,13 :: 		SET_BIT(TRISA, pin);  /* Set bit for input */
0x005B	0x082D      	MOVF       FARG_set_pin_direction_pin, 0
0x005C	0x00F1      	MOVWF      R1
0x005D	0x3001      	MOVLW      1
0x005E	0x00F0      	MOVWF      R0
0x005F	0x0871      	MOVF       R1, 0
L__set_pin_direction50:
0x0060	0x1903      	BTFSC      STATUS, 2
0x0061	0x2866      	GOTO       L__set_pin_direction51
0x0062	0x0DF0      	RLF        R0, 1
0x0063	0x1070      	BCF        R0, 0
0x0064	0x3EFF      	ADDLW      255
0x0065	0x2860      	GOTO       L__set_pin_direction50
L__set_pin_direction51:
0x0066	0x0870      	MOVF       R0, 0
0x0067	0x1683      	BSF        STATUS, 5
0x0068	0x0485      	IORWF      TRISA, 1
;gpio_implementation.c,14 :: 		}
L_set_pin_direction5:
L_set_pin_direction4:
;gpio_implementation.c,15 :: 		break;
0x0069	0x2924      	GOTO       L_set_pin_direction1
;gpio_implementation.c,16 :: 		case _PORTB:
L_set_pin_direction6:
;gpio_implementation.c,17 :: 		if(direction == OUTPUT) {
0x006A	0x1283      	BCF        STATUS, 5
0x006B	0x082E      	MOVF       FARG_set_pin_direction_direction, 0
0x006C	0x3A00      	XORLW      0
0x006D	0x1D03      	BTFSS      STATUS, 2
0x006E	0x287F      	GOTO       L_set_pin_direction7
;gpio_implementation.c,18 :: 		CLR_BIT(TRISB, pin);
0x006F	0x082D      	MOVF       FARG_set_pin_direction_pin, 0
0x0070	0x00F1      	MOVWF      R1
0x0071	0x3001      	MOVLW      1
0x0072	0x00F0      	MOVWF      R0
0x0073	0x0871      	MOVF       R1, 0
L__set_pin_direction52:
0x0074	0x1903      	BTFSC      STATUS, 2
0x0075	0x287A      	GOTO       L__set_pin_direction53
0x0076	0x0DF0      	RLF        R0, 1
0x0077	0x1070      	BCF        R0, 0
0x0078	0x3EFF      	ADDLW      255
0x0079	0x2874      	GOTO       L__set_pin_direction52
L__set_pin_direction53:
0x007A	0x09F0      	COMF       R0, 1
0x007B	0x0870      	MOVF       R0, 0
0x007C	0x1683      	BSF        STATUS, 5
0x007D	0x0586      	ANDWF      TRISB, 1
;gpio_implementation.c,19 :: 		} else if (direction == INPUT) {
0x007E	0x2892      	GOTO       L_set_pin_direction8
L_set_pin_direction7:
0x007F	0x1283      	BCF        STATUS, 5
0x0080	0x082E      	MOVF       FARG_set_pin_direction_direction, 0
0x0081	0x3A01      	XORLW      1
0x0082	0x1D03      	BTFSS      STATUS, 2
0x0083	0x2892      	GOTO       L_set_pin_direction9
;gpio_implementation.c,20 :: 		SET_BIT(TRISB, pin);
0x0084	0x082D      	MOVF       FARG_set_pin_direction_pin, 0
0x0085	0x00F1      	MOVWF      R1
0x0086	0x3001      	MOVLW      1
0x0087	0x00F0      	MOVWF      R0
0x0088	0x0871      	MOVF       R1, 0
L__set_pin_direction54:
0x0089	0x1903      	BTFSC      STATUS, 2
0x008A	0x288F      	GOTO       L__set_pin_direction55
0x008B	0x0DF0      	RLF        R0, 1
0x008C	0x1070      	BCF        R0, 0
0x008D	0x3EFF      	ADDLW      255
0x008E	0x2889      	GOTO       L__set_pin_direction54
L__set_pin_direction55:
0x008F	0x0870      	MOVF       R0, 0
0x0090	0x1683      	BSF        STATUS, 5
0x0091	0x0486      	IORWF      TRISB, 1
;gpio_implementation.c,21 :: 		}
L_set_pin_direction9:
L_set_pin_direction8:
;gpio_implementation.c,22 :: 		break;
0x0092	0x2924      	GOTO       L_set_pin_direction1
;gpio_implementation.c,23 :: 		case _PORTC:
L_set_pin_direction10:
;gpio_implementation.c,24 :: 		if(direction == OUTPUT) {
0x0093	0x1283      	BCF        STATUS, 5
0x0094	0x082E      	MOVF       FARG_set_pin_direction_direction, 0
0x0095	0x3A00      	XORLW      0
0x0096	0x1D03      	BTFSS      STATUS, 2
0x0097	0x28A8      	GOTO       L_set_pin_direction11
;gpio_implementation.c,25 :: 		CLR_BIT(TRISC, pin);
0x0098	0x082D      	MOVF       FARG_set_pin_direction_pin, 0
0x0099	0x00F1      	MOVWF      R1
0x009A	0x3001      	MOVLW      1
0x009B	0x00F0      	MOVWF      R0
0x009C	0x0871      	MOVF       R1, 0
L__set_pin_direction56:
0x009D	0x1903      	BTFSC      STATUS, 2
0x009E	0x28A3      	GOTO       L__set_pin_direction57
0x009F	0x0DF0      	RLF        R0, 1
0x00A0	0x1070      	BCF        R0, 0
0x00A1	0x3EFF      	ADDLW      255
0x00A2	0x289D      	GOTO       L__set_pin_direction56
L__set_pin_direction57:
0x00A3	0x09F0      	COMF       R0, 1
0x00A4	0x0870      	MOVF       R0, 0
0x00A5	0x1683      	BSF        STATUS, 5
0x00A6	0x0587      	ANDWF      TRISC, 1
;gpio_implementation.c,26 :: 		} else if (direction == INPUT) {
0x00A7	0x28BB      	GOTO       L_set_pin_direction12
L_set_pin_direction11:
0x00A8	0x1283      	BCF        STATUS, 5
0x00A9	0x082E      	MOVF       FARG_set_pin_direction_direction, 0
0x00AA	0x3A01      	XORLW      1
0x00AB	0x1D03      	BTFSS      STATUS, 2
0x00AC	0x28BB      	GOTO       L_set_pin_direction13
;gpio_implementation.c,27 :: 		SET_BIT(TRISC, pin);
0x00AD	0x082D      	MOVF       FARG_set_pin_direction_pin, 0
0x00AE	0x00F1      	MOVWF      R1
0x00AF	0x3001      	MOVLW      1
0x00B0	0x00F0      	MOVWF      R0
0x00B1	0x0871      	MOVF       R1, 0
L__set_pin_direction58:
0x00B2	0x1903      	BTFSC      STATUS, 2
0x00B3	0x28B8      	GOTO       L__set_pin_direction59
0x00B4	0x0DF0      	RLF        R0, 1
0x00B5	0x1070      	BCF        R0, 0
0x00B6	0x3EFF      	ADDLW      255
0x00B7	0x28B2      	GOTO       L__set_pin_direction58
L__set_pin_direction59:
0x00B8	0x0870      	MOVF       R0, 0
0x00B9	0x1683      	BSF        STATUS, 5
0x00BA	0x0487      	IORWF      TRISC, 1
;gpio_implementation.c,28 :: 		}
L_set_pin_direction13:
L_set_pin_direction12:
;gpio_implementation.c,29 :: 		break;
0x00BB	0x2924      	GOTO       L_set_pin_direction1
;gpio_implementation.c,30 :: 		case _PORTD:
L_set_pin_direction14:
;gpio_implementation.c,31 :: 		if(direction == OUTPUT) {
0x00BC	0x1283      	BCF        STATUS, 5
0x00BD	0x082E      	MOVF       FARG_set_pin_direction_direction, 0
0x00BE	0x3A00      	XORLW      0
0x00BF	0x1D03      	BTFSS      STATUS, 2
0x00C0	0x28D1      	GOTO       L_set_pin_direction15
;gpio_implementation.c,32 :: 		CLR_BIT(TRISD, pin);
0x00C1	0x082D      	MOVF       FARG_set_pin_direction_pin, 0
0x00C2	0x00F1      	MOVWF      R1
0x00C3	0x3001      	MOVLW      1
0x00C4	0x00F0      	MOVWF      R0
0x00C5	0x0871      	MOVF       R1, 0
L__set_pin_direction60:
0x00C6	0x1903      	BTFSC      STATUS, 2
0x00C7	0x28CC      	GOTO       L__set_pin_direction61
0x00C8	0x0DF0      	RLF        R0, 1
0x00C9	0x1070      	BCF        R0, 0
0x00CA	0x3EFF      	ADDLW      255
0x00CB	0x28C6      	GOTO       L__set_pin_direction60
L__set_pin_direction61:
0x00CC	0x09F0      	COMF       R0, 1
0x00CD	0x0870      	MOVF       R0, 0
0x00CE	0x1683      	BSF        STATUS, 5
0x00CF	0x0588      	ANDWF      TRISD, 1
;gpio_implementation.c,33 :: 		} else if (direction == INPUT) {
0x00D0	0x28E4      	GOTO       L_set_pin_direction16
L_set_pin_direction15:
0x00D1	0x1283      	BCF        STATUS, 5
0x00D2	0x082E      	MOVF       FARG_set_pin_direction_direction, 0
0x00D3	0x3A01      	XORLW      1
0x00D4	0x1D03      	BTFSS      STATUS, 2
0x00D5	0x28E4      	GOTO       L_set_pin_direction17
;gpio_implementation.c,34 :: 		SET_BIT(TRISD, pin);
0x00D6	0x082D      	MOVF       FARG_set_pin_direction_pin, 0
0x00D7	0x00F1      	MOVWF      R1
0x00D8	0x3001      	MOVLW      1
0x00D9	0x00F0      	MOVWF      R0
0x00DA	0x0871      	MOVF       R1, 0
L__set_pin_direction62:
0x00DB	0x1903      	BTFSC      STATUS, 2
0x00DC	0x28E1      	GOTO       L__set_pin_direction63
0x00DD	0x0DF0      	RLF        R0, 1
0x00DE	0x1070      	BCF        R0, 0
0x00DF	0x3EFF      	ADDLW      255
0x00E0	0x28DB      	GOTO       L__set_pin_direction62
L__set_pin_direction63:
0x00E1	0x0870      	MOVF       R0, 0
0x00E2	0x1683      	BSF        STATUS, 5
0x00E3	0x0488      	IORWF      TRISD, 1
;gpio_implementation.c,35 :: 		}
L_set_pin_direction17:
L_set_pin_direction16:
;gpio_implementation.c,36 :: 		break;
0x00E4	0x2924      	GOTO       L_set_pin_direction1
;gpio_implementation.c,37 :: 		case _PORTE:
L_set_pin_direction18:
;gpio_implementation.c,38 :: 		if(direction == OUTPUT) {
0x00E5	0x1283      	BCF        STATUS, 5
0x00E6	0x082E      	MOVF       FARG_set_pin_direction_direction, 0
0x00E7	0x3A00      	XORLW      0
0x00E8	0x1D03      	BTFSS      STATUS, 2
0x00E9	0x28FA      	GOTO       L_set_pin_direction19
;gpio_implementation.c,39 :: 		CLR_BIT(TRISE, pin);
0x00EA	0x082D      	MOVF       FARG_set_pin_direction_pin, 0
0x00EB	0x00F1      	MOVWF      R1
0x00EC	0x3001      	MOVLW      1
0x00ED	0x00F0      	MOVWF      R0
0x00EE	0x0871      	MOVF       R1, 0
L__set_pin_direction64:
0x00EF	0x1903      	BTFSC      STATUS, 2
0x00F0	0x28F5      	GOTO       L__set_pin_direction65
0x00F1	0x0DF0      	RLF        R0, 1
0x00F2	0x1070      	BCF        R0, 0
0x00F3	0x3EFF      	ADDLW      255
0x00F4	0x28EF      	GOTO       L__set_pin_direction64
L__set_pin_direction65:
0x00F5	0x09F0      	COMF       R0, 1
0x00F6	0x0870      	MOVF       R0, 0
0x00F7	0x1683      	BSF        STATUS, 5
0x00F8	0x0589      	ANDWF      TRISE, 1
;gpio_implementation.c,40 :: 		} else if (direction == INPUT) {
0x00F9	0x290D      	GOTO       L_set_pin_direction20
L_set_pin_direction19:
0x00FA	0x1283      	BCF        STATUS, 5
0x00FB	0x082E      	MOVF       FARG_set_pin_direction_direction, 0
0x00FC	0x3A01      	XORLW      1
0x00FD	0x1D03      	BTFSS      STATUS, 2
0x00FE	0x290D      	GOTO       L_set_pin_direction21
;gpio_implementation.c,41 :: 		SET_BIT(TRISE, pin);
0x00FF	0x082D      	MOVF       FARG_set_pin_direction_pin, 0
0x0100	0x00F1      	MOVWF      R1
0x0101	0x3001      	MOVLW      1
0x0102	0x00F0      	MOVWF      R0
0x0103	0x0871      	MOVF       R1, 0
L__set_pin_direction66:
0x0104	0x1903      	BTFSC      STATUS, 2
0x0105	0x290A      	GOTO       L__set_pin_direction67
0x0106	0x0DF0      	RLF        R0, 1
0x0107	0x1070      	BCF        R0, 0
0x0108	0x3EFF      	ADDLW      255
0x0109	0x2904      	GOTO       L__set_pin_direction66
L__set_pin_direction67:
0x010A	0x0870      	MOVF       R0, 0
0x010B	0x1683      	BSF        STATUS, 5
0x010C	0x0489      	IORWF      TRISE, 1
;gpio_implementation.c,42 :: 		}
L_set_pin_direction21:
L_set_pin_direction20:
;gpio_implementation.c,43 :: 		break;
0x010D	0x2924      	GOTO       L_set_pin_direction1
;gpio_implementation.c,44 :: 		}
L_set_pin_direction0:
0x010E	0x1283      	BCF        STATUS, 5
0x010F	0x1303      	BCF        STATUS, 6
0x0110	0x082C      	MOVF       FARG_set_pin_direction_port, 0
0x0111	0x3A00      	XORLW      0
0x0112	0x1903      	BTFSC      STATUS, 2
0x0113	0x2840      	GOTO       L_set_pin_direction2
0x0114	0x082C      	MOVF       FARG_set_pin_direction_port, 0
0x0115	0x3A01      	XORLW      1
0x0116	0x1903      	BTFSC      STATUS, 2
0x0117	0x286A      	GOTO       L_set_pin_direction6
0x0118	0x082C      	MOVF       FARG_set_pin_direction_port, 0
0x0119	0x3A02      	XORLW      2
0x011A	0x1903      	BTFSC      STATUS, 2
0x011B	0x2893      	GOTO       L_set_pin_direction10
0x011C	0x082C      	MOVF       FARG_set_pin_direction_port, 0
0x011D	0x3A03      	XORLW      3
0x011E	0x1903      	BTFSC      STATUS, 2
0x011F	0x28BC      	GOTO       L_set_pin_direction14
0x0120	0x082C      	MOVF       FARG_set_pin_direction_port, 0
0x0121	0x3A04      	XORLW      4
0x0122	0x1903      	BTFSC      STATUS, 2
0x0123	0x28E5      	GOTO       L_set_pin_direction18
L_set_pin_direction1:
;gpio_implementation.c,45 :: 		}
L_end_set_pin_direction:
0x0124	0x0008      	RETURN
; end of _set_pin_direction
_____DoICP:
;__Lib_System.c,6 :: 		
;__Lib_System.c,9 :: 		
0x0125	0x1283      	BCF        STATUS, 5
0x0126	0x1303      	BCF        STATUS, 6
0x0127	0x0826      	MOVF       ___DoICPAddr+1, 0
0x0128	0x008A      	MOVWF      PCLATH
;__Lib_System.c,10 :: 		
0x0129	0x0825      	MOVF       ___DoICPAddr, 0
0x012A	0x0082      	MOVWF      PCL
;__Lib_System.c,12 :: 		
L_end_____DoICP:
0x012B	0x0008      	RETURN
; end of _____DoICP
___CC2DW:
;__Lib_System.c,134 :: 		
;__Lib_System.c,137 :: 		
_CC2D_Loop1:
;__Lib_System.c,139 :: 		
0x012C	0x2125      	CALL       _____DoICP
0x012D	0x118A      	BCF        PCLATH, 3
0x012E	0x120A      	BCF        PCLATH, 4
;__Lib_System.c,141 :: 		
0x012F	0x0080      	MOVWF      INDF
;__Lib_System.c,142 :: 		
0x0130	0x0A84      	INCF       FSR, 1
;__Lib_System.c,143 :: 		
0x0131	0x0AA5      	INCF       ___DoICPAddr, 1
;__Lib_System.c,145 :: 		
0x0132	0x1903      	BTFSC      STATUS, 2
;__Lib_System.c,146 :: 		
0x0133	0x0AA6      	INCF       ___DoICPAddr+1, 1
;__Lib_System.c,147 :: 		
0x0134	0x03F0      	DECF       R0, 1
;__Lib_System.c,149 :: 		
0x0135	0x1D03      	BTFSS      STATUS, 2
;__Lib_System.c,150 :: 		
0x0136	0x292C      	GOTO       _CC2D_Loop1
;__Lib_System.c,152 :: 		
L_end___CC2DW:
0x0137	0x0008      	RETURN
; end of ___CC2DW
_LED_Init:
;LED_implementation.c,4 :: 		void LED_Init(u8 port, u8 pin) {
;LED_implementation.c,5 :: 		set_pin_direction(port, pin, OUTPUT);
0x0138	0x1283      	BCF        STATUS, 5
0x0139	0x1303      	BCF        STATUS, 6
0x013A	0x0829      	MOVF       FARG_LED_Init_port, 0
0x013B	0x00AC      	MOVWF      FARG_set_pin_direction_port
0x013C	0x082A      	MOVF       FARG_LED_Init_pin, 0
0x013D	0x00AD      	MOVWF      FARG_set_pin_direction_pin
0x013E	0x01AE      	CLRF       FARG_set_pin_direction_direction
0x013F	0x203F      	CALL       _set_pin_direction
;LED_implementation.c,6 :: 		}
L_end_LED_Init:
0x0140	0x0008      	RETURN
; end of _LED_Init
_EXT_INTO_Enable:
;ext_int_implementation.c,12 :: 		void EXT_INTO_Enable(void) {
;ext_int_implementation.c,13 :: 		INTCON |= 0x10;
0x0141	0x160B      	BSF        INTCON, 4
;ext_int_implementation.c,14 :: 		INTCON |= 0x80;
0x0142	0x178B      	BSF        INTCON, 7
;ext_int_implementation.c,15 :: 		}
L_end_EXT_INTO_Enable:
0x0143	0x0008      	RETURN
; end of _EXT_INTO_Enable
_EXT_INTO_Init:
;ext_int_implementation.c,7 :: 		void EXT_INTO_Init(void) {
;ext_int_implementation.c,8 :: 		set_pin_direction(_PORTB, 0, INPUT);
0x0144	0x3001      	MOVLW      1
0x0145	0x1283      	BCF        STATUS, 5
0x0146	0x1303      	BCF        STATUS, 6
0x0147	0x00AC      	MOVWF      FARG_set_pin_direction_port
0x0148	0x01AD      	CLRF       FARG_set_pin_direction_pin
0x0149	0x3001      	MOVLW      1
0x014A	0x00AE      	MOVWF      FARG_set_pin_direction_direction
0x014B	0x203F      	CALL       _set_pin_direction
;ext_int_implementation.c,9 :: 		INTCON &= ~0x02;
0x014C	0x108B      	BCF        INTCON, 1
;ext_int_implementation.c,10 :: 		}
L_end_EXT_INTO_Init:
0x014D	0x0008      	RETURN
; end of _EXT_INTO_Init
_____DoIFC:
;__Lib_System.c,15 :: 		
;__Lib_System.c,18 :: 		
0x014E	0x1283      	BCF        STATUS, 5
0x014F	0x1303      	BCF        STATUS, 6
0x0150	0x0826      	MOVF       ___DoICPAddr+1, 0
0x0151	0x008A      	MOVWF      PCLATH
;__Lib_System.c,19 :: 		
0x0152	0x0825      	MOVF       ___DoICPAddr, 0
0x0153	0x0082      	MOVWF      PCL
;__Lib_System.c,21 :: 		
L_end_____DoIFC:
0x0154	0x0008      	RETURN
; end of _____DoIFC
_EXT_INTO_SetCallback:
;ext_int_implementation.c,25 :: 		void EXT_INTO_SetCallback(void (*ptr)(void)) {
;ext_int_implementation.c,26 :: 		ext_int_callback = ptr;
0x0155	0x1283      	BCF        STATUS, 5
0x0156	0x1303      	BCF        STATUS, 6
0x0157	0x0829      	MOVF       FARG_EXT_INTO_SetCallback_ptr, 0
0x0158	0x00A2      	MOVWF      ext_int_implementation_ext_int_callback
0x0159	0x082A      	MOVF       FARG_EXT_INTO_SetCallback_ptr+1, 0
0x015A	0x00A3      	MOVWF      ext_int_implementation_ext_int_callback+1
0x015B	0x082B      	MOVF       FARG_EXT_INTO_SetCallback_ptr+2, 0
0x015C	0x00A4      	MOVWF      ext_int_implementation_ext_int_callback+2
0x015D	0x082C      	MOVF       FARG_EXT_INTO_SetCallback_ptr+3, 0
;ext_int_implementation.c,27 :: 		}
L_end_EXT_INTO_SetCallback:
0x015E	0x0008      	RETURN
; end of _EXT_INTO_SetCallback
_EXT_INTO_SetEdge:
;ext_int_implementation.c,17 :: 		void EXT_INTO_SetEdge(u8 edge_type) {
;ext_int_implementation.c,18 :: 		if(edge_type == 1) {
0x015F	0x1283      	BCF        STATUS, 5
0x0160	0x1303      	BCF        STATUS, 6
0x0161	0x0829      	MOVF       FARG_EXT_INTO_SetEdge_edge_type, 0
0x0162	0x3A01      	XORLW      1
0x0163	0x1D03      	BTFSS      STATUS, 2
0x0164	0x2968      	GOTO       L_EXT_INTO_SetEdge0
;ext_int_implementation.c,19 :: 		OPTION_REG |= 0x40;
0x0165	0x1683      	BSF        STATUS, 5
0x0166	0x1701      	BSF        OPTION_REG, 6
;ext_int_implementation.c,20 :: 		} else {
0x0167	0x296A      	GOTO       L_EXT_INTO_SetEdge1
L_EXT_INTO_SetEdge0:
0x0168	0x1683      	BSF        STATUS, 5
;ext_int_implementation.c,21 :: 		OPTION_REG &= ~0x40;
0x0169	0x1301      	BCF        OPTION_REG, 6
;ext_int_implementation.c,22 :: 		}
L_EXT_INTO_SetEdge1:
;ext_int_implementation.c,23 :: 		}
L_end_EXT_INTO_SetEdge:
0x016A	0x0008      	RETURN
; end of _EXT_INTO_SetEdge
_Toggle_LED_Callback:
;main.c,11 :: 		void Toggle_LED_Callback(void) {
;main.c,13 :: 		PORTC ^= (1 << 0);
0x016B	0x3001      	MOVLW      1
0x016C	0x1283      	BCF        STATUS, 5
0x016D	0x1303      	BCF        STATUS, 6
0x016E	0x0687      	XORWF      PORTC, 1
;main.c,14 :: 		}
L_end_Toggle_LED_Callback:
0x016F	0x0008      	RETURN
; end of _Toggle_LED_Callback
_main:
0x0170	0x2192      	CALL       402
;main.c,16 :: 		int main() {
;main.c,18 :: 		LED_Init(_PORTC, 0);
0x0171	0x3002      	MOVLW      2
0x0172	0x1283      	BCF        STATUS, 5
0x0173	0x1303      	BCF        STATUS, 6
0x0174	0x00A9      	MOVWF      FARG_LED_Init_port
0x0175	0x01AA      	CLRF       FARG_LED_Init_pin
0x0176	0x2138      	CALL       _LED_Init
;main.c,21 :: 		EXT_INTO_Init();
0x0177	0x2144      	CALL       _EXT_INTO_Init
;main.c,22 :: 		EXT_INTO_SetEdge(1);
0x0178	0x3001      	MOVLW      1
0x0179	0x1283      	BCF        STATUS, 5
0x017A	0x1303      	BCF        STATUS, 6
0x017B	0x00A9      	MOVWF      FARG_EXT_INTO_SetEdge_edge_type
0x017C	0x215F      	CALL       _EXT_INTO_SetEdge
;main.c,25 :: 		EXT_INTO_SetCallback(Toggle_LED_Callback);
0x017D	0x306B      	MOVLW      _Toggle_LED_Callback
0x017E	0x1283      	BCF        STATUS, 5
0x017F	0x00A9      	MOVWF      FARG_EXT_INTO_SetCallback_ptr
0x0180	0x3001      	MOVLW      hi_addr(_Toggle_LED_Callback)
0x0181	0x00AA      	MOVWF      FARG_EXT_INTO_SetCallback_ptr+1
0x0182	0x3000      	MOVLW      0
0x0183	0x00AB      	MOVWF      FARG_EXT_INTO_SetCallback_ptr+2
0x0184	0x3000      	MOVLW      0
0x0185	0x2155      	CALL       _EXT_INTO_SetCallback
;main.c,28 :: 		EXT_INTO_Enable();
0x0186	0x2141      	CALL       _EXT_INTO_Enable
;main.c,30 :: 		while(1) {
L_main0:
;main.c,32 :: 		}
0x0187	0x2987      	GOTO       L_main0
;main.c,35 :: 		}
L_end_main:
0x0188	0x2988      	GOTO       $+0
; end of _main
0x0192	0x3022      	MOVLW      34
0x0193	0x0084      	MOVWF      FSR
0x0194	0x3003      	MOVLW      3
0x0195	0x1283      	BCF        STATUS, 5
0x0196	0x1303      	BCF        STATUS, 6
0x0197	0x00F0      	MOVWF      R0
0x0198	0x308E      	MOVLW      142
0x0199	0x00A5      	MOVWF      ___DoICPAddr
0x019A	0x3001      	MOVLW      1
0x019B	0x00A6      	MOVWF      38
0x019C	0x212C      	CALL       300
0x019D	0x0008      	RETURN
;ext_int_implementation.c,0 :: ?ICSext_int_implementation_ext_int_callback
0x018E	0x3400 ;?ICSext_int_implementation_ext_int_callback+0
0x018F	0x3400 ;?ICSext_int_implementation_ext_int_callback+1
0x0190	0x3400 ;?ICSext_int_implementation_ext_int_callback+2
; end of ?ICSext_int_implementation_ext_int_callback
Symbol List:
//** Routines locations **
//ADDRESS    SIZE    PROCEDURE
//----------------------------------------------
0x0004      [59]    _interrupt
0x003F     [230]    _set_pin_direction
0x0125       [7]    _____DoICP
0x012C      [12]    ___CC2DW
0x0138       [9]    _LED_Init
0x0141       [3]    _EXT_INTO_Enable
0x0144      [10]    _EXT_INTO_Init
0x014E       [7]    _____DoIFC
0x0155      [10]    _EXT_INTO_SetCallback
0x015F      [12]    _EXT_INTO_SetEdge
0x016B       [5]    _Toggle_LED_Callback
0x0170      [24]    _main
//** Variables locations ** 
//ADDRESS    SIZE    VARIABLE
//----------------------------------------------
0x0000       [1]    INDF
0x0002       [1]    PCL
0x0003       [1]    STATUS
0x0004       [1]    FSR
0x0007       [1]    PORTC
0x000A       [1]    PCLATH
0x000B       [1]    INTCON
0x0022       [3]    ext_int_implementation_ext_int_callback
0x0025       [2]    ___DoICPAddr
0x0027       [1]    ___saveSTATUS
0x0028       [1]    ___savePCLATH
0x0029       [1]    FARG_LED_Init_port
0x0029       [3]    FARG_EXT_INTO_SetCallback_ptr
0x0029       [1]    FARG_EXT_INTO_SetEdge_edge_type
0x002A       [1]    FARG_LED_Init_pin
0x002C       [1]    FARG_set_pin_direction_port
0x002D       [1]    FARG_set_pin_direction_pin
0x002E       [1]    FARG_set_pin_direction_direction
0x0070       [1]    R0
0x0071       [1]    R1
0x0072       [1]    R2
0x0073       [1]    R3
0x0074       [1]    R4
0x0075       [1]    R5
0x0076       [1]    R6
0x0077       [1]    R7
0x0078       [1]    R8
0x0079       [1]    R9
0x007A       [1]    R10
0x007B       [1]    R11
0x007C       [1]    R12
0x007D       [1]    R13
0x007E       [1]    R14
0x007F       [1]    R15
0x0081       [1]    OPTION_REG
0x0085       [1]    TRISA
0x0086       [1]    TRISB
0x0087       [1]    TRISC
0x0088       [1]    TRISD
0x0089       [1]    TRISE
//** Constants locations ** 
//ADDRESS    SIZE    CONSTANT
//----------------------------------------------
0x018E       [3]    ?ICSext_int_implementation_ext_int_callback
